<?xml version="1.0" encoding="UTF-8"?>
<!-- Generated by org.testng.reporters.JUnitXMLReporter -->
<testsuite ignored="0" hostname="OMAR-ABU-SNINEH" failures="0" tests="6" name="Default test" time="29.374" errors="0" timestamp="2024-08-05T11:57:43 EET">
  <testcase classname="SecondLessonAutomation.SwagLabsSite" name="login" time="0.839"/>
  <testcase classname="SecondLessonAutomation.SwagLabsSite" name="addItemsToCart" time="4.386"/>
  <testcase classname="SecondLessonAutomation.SwagLabsSite" name="checkout" time="8.716"/>
  <testcase classname="SecondLessonAutomation.SwagLabsSite" name="addItemsFromCardPage" time="9.859"/>
  <testcase classname="SecondLessonAutomation.SwagLabsSite" name="removeAllItemsFromCart" time="3.314"/>
  <testcase classname="SecondLessonAutomation.SwagLabsSite" name="logout" time="1.105"/>
</testsuite> <!-- Default test -->
