<?xml version="1.0" encoding="UTF-8"?>
<testng-results ignored="0" total="6" passed="6" failed="0" skipped="0">
  <reporter-output>
  </reporter-output>
  <suite started-at="2024-08-05T11:57:14 EET" name="Default suite" finished-at="2024-08-05T11:57:43 EET" duration-ms="29374">
    <groups>
    </groups>
    <test started-at="2024-08-05T11:57:14 EET" name="Default test" finished-at="2024-08-05T11:57:43 EET" duration-ms="29374">
      <class name="SecondLessonAutomation.SwagLabsSite">
        <test-method is-config="true" signature="mySetup()[pri:0, instance:SecondLessonAutomation.SwagLabsSite@c7a975a]" started-at="2024-08-05T11:57:14 EET" name="mySetup" finished-at="2024-08-05T11:57:15 EET" duration-ms="1112" status="PASS">
          <reporter-output>
          </reporter-output>
        </test-method> <!-- mySetup -->
        <test-method signature="login()[pri:1, instance:SecondLessonAutomation.SwagLabsSite@c7a975a]" started-at="2024-08-05T11:57:15 EET" name="login" finished-at="2024-08-05T11:57:16 EET" duration-ms="839" status="PASS">
          <reporter-output>
          </reporter-output>
        </test-method> <!-- login -->
        <test-method signature="addItemsToCart()[pri:2, instance:SecondLessonAutomation.SwagLabsSite@c7a975a]" started-at="2024-08-05T11:57:16 EET" name="addItemsToCart" finished-at="2024-08-05T11:57:20 EET" duration-ms="4386" status="PASS">
          <reporter-output>
          </reporter-output>
        </test-method> <!-- addItemsToCart -->
        <test-method signature="checkout()[pri:3, instance:SecondLessonAutomation.SwagLabsSite@c7a975a]" started-at="2024-08-05T11:57:20 EET" name="checkout" finished-at="2024-08-05T11:57:29 EET" duration-ms="8716" status="PASS">
          <reporter-output>
          </reporter-output>
        </test-method> <!-- checkout -->
        <test-method signature="addItemsFromCardPage()[pri:4, instance:SecondLessonAutomation.SwagLabsSite@c7a975a]" started-at="2024-08-05T11:57:29 EET" name="addItemsFromCardPage" finished-at="2024-08-05T11:57:39 EET" duration-ms="9859" status="PASS">
          <reporter-output>
          </reporter-output>
        </test-method> <!-- addItemsFromCardPage -->
        <test-method signature="removeAllItemsFromCart()[pri:5, instance:SecondLessonAutomation.SwagLabsSite@c7a975a]" started-at="2024-08-05T11:57:39 EET" name="removeAllItemsFromCart" finished-at="2024-08-05T11:57:42 EET" duration-ms="3314" status="PASS">
          <reporter-output>
          </reporter-output>
        </test-method> <!-- removeAllItemsFromCart -->
        <test-method signature="logout()[pri:6, instance:SecondLessonAutomation.SwagLabsSite@c7a975a]" started-at="2024-08-05T11:57:42 EET" name="logout" finished-at="2024-08-05T11:57:43 EET" duration-ms="1105" status="PASS">
          <reporter-output>
          </reporter-output>
        </test-method> <!-- logout -->
      </class> <!-- SecondLessonAutomation.SwagLabsSite -->
    </test> <!-- Default test -->
  </suite> <!-- Default suite -->
</testng-results>
